# JRE version: OpenJDK Runtime Environment (8.0_112-b06) (build 1.8.0_112-release-b06)
# Java VM: OpenJDK 64-Bit Server VM (25.112-b06 mixed mode linux-amd64 compressed oops)
Heap:
 PSYoungGen      total 356352K, used 0K [0x00000000e0000000, 0x00000000fa980000, 0x0000000100000000)
  eden space 307712K, 0% used [0x00000000e0000000,0x00000000e0000000,0x00000000f2c80000)
  from space 48640K, 0% used [0x00000000f3c00000,0x00000000f3c00000,0x00000000f6b80000)
  to   space 63488K, 0% used [0x00000000f6b80000,0x00000000f6b80000,0x00000000fa980000)
 ParOldGen       total 101888K, used 83622K [0x00000000a0000000, 0x00000000a6380000, 0x00000000e0000000)
  object space 101888K, 82% used [0x00000000a0000000,0x00000000a51a9950,0x00000000a6380000)
 Metaspace       used 79496K, capacity 85678K, committed 88320K, reserved 1126400K
  class space    used 9934K, capacity 10792K, committed 11264K, reserved 1048576K
GC Heap History (10 events):
Event: 4746.871 GC heap after
Heap after GC invocations=40 (full 3):
 PSYoungGen      total 363520K, used 13027K [0x00000000e0000000, 0x00000000fa200000, 0x0000000100000000)
  eden space 325632K, 0% used [0x00000000e0000000,0x00000000e0000000,0x00000000f3e00000)
  from space 37888K, 34% used [0x00000000f3e00000,0x00000000f4ab8f70,0x00000000f6300000)
  to   space 35840K, 0% used [0x00000000f7f00000,0x00000000f7f00000,0x00000000fa200000)
 ParOldGen       total 101888K, used 68522K [0x00000000a0000000, 0x00000000a6380000, 0x00000000e0000000)
  object space 101888K, 67% used [0x00000000a0000000,0x00000000a42ea988,0x00000000a6380000)
 Metaspace       used 80314K, capacity 87128K, committed 87296K, reserved 1126400K
  class space    used 10194K, capacity 11170K, committed 11264K, reserved 1048576K
}
Event: 4933.321 GC heap before
{Heap before GC invocations=41 (full 3):
 PSYoungGen      total 363520K, used 338659K [0x00000000e0000000, 0x00000000fa200000, 0x0000000100000000)
  eden space 325632K, 100% used [0x00000000e0000000,0x00000000f3e00000,0x00000000f3e00000)
  from space 37888K, 34% used [0x00000000f3e00000,0x00000000f4ab8f70,0x00000000f6300000)
  to   space 35840K, 0% used [0x00000000f7f00000,0x00000000f7f00000,0x00000000fa200000)
 ParOldGen       total 101888K, used 68522K [0x00000000a0000000, 0x00000000a6380000, 0x00000000e0000000)
  object space 101888K, 67% used [0x00000000a0000000,0x00000000a42ea988,0x00000000a6380000)
 Metaspace       used 80445K, capacity 87398K, committed 87552K, reserved 1126400K
  class space    used 10206K, capacity 11213K, committed 11264K, reserved 1048576K
Event: 4933.408 GC heap after
Heap after GC invocations=41 (full 3):
 PSYoungGen      total 385024K, used 24951K [0x00000000e0000000, 0x00000000fa000000, 0x0000000100000000)
  eden space 351232K, 0% used [0x00000000e0000000,0x00000000e0000000,0x00000000f5700000)
  from space 33792K, 73% used [0x00000000f7f00000,0x00000000f975df30,0x00000000fa000000)
  to   space 37376K, 0% used [0x00000000f5700000,0x00000000f5700000,0x00000000f7b80000)
 ParOldGen       total 101888K, used 68530K [0x00000000a0000000, 0x00000000a6380000, 0x00000000e0000000)
  object space 101888K, 67% used [0x00000000a0000000,0x00000000a42ec988,0x00000000a6380000)
 Metaspace       used 80445K, capacity 87398K, committed 87552K, reserved 1126400K
  class space    used 10206K, capacity 11213K, committed 11264K, reserved 1048576K
}
Event: 5724.573 GC heap before
{Heap before GC invocations=42 (full 3):
 PSYoungGen      total 385024K, used 376183K [0x00000000e0000000, 0x00000000fa000000, 0x0000000100000000)
  eden space 351232K, 100% used [0x00000000e0000000,0x00000000f5700000,0x00000000f5700000)
  from space 33792K, 73% used [0x00000000f7f00000,0x00000000f975df30,0x00000000fa000000)
  to   space 37376K, 0% used [0x00000000f5700000,0x00000000f5700000,0x00000000f7b80000)
 ParOldGen       total 101888K, used 68530K [0x00000000a0000000, 0x00000000a6380000, 0x00000000e0000000)
  object space 101888K, 67% used [0x00000000a0000000,0x00000000a42ec988,0x00000000a6380000)
 Metaspace       used 80614K, capacity 87550K, committed 87808K, reserved 1126400K
  class space    used 10215K, capacity 11221K, committed 11264K, reserved 1048576K
Event: 5724.653 GC heap after
Heap after GC invocations=42 (full 3):
 PSYoungGen      total 372224K, used 36333K [0x00000000e0000000, 0x00000000f9b00000, 0x0000000100000000)
  eden space 335872K, 0% used [0x00000000e0000000,0x00000000e0000000,0x00000000f4800000)
  from space 36352K, 99% used [0x00000000f5700000,0x00000000f7a7b778,0x00000000f7a80000)
  to   space 33280K, 0% used [0x00000000f7a80000,0x00000000f7a80000,0x00000000f9b00000)
 ParOldGen       total 101888K, used 68530K [0x00000000a0000000, 0x00000000a6380000, 0x00000000e0000000)
  object space 101888K, 67% used [0x00000000a0000000,0x00000000a42ec988,0x00000000a6380000)
 Metaspace       used 80614K, capacity 87550K, committed 87808K, reserved 1126400K
  class space    used 10215K, capacity 11221K, committed 11264K, reserved 1048576K
}
Event: 6416.059 GC heap before
{Heap before GC invocations=43 (full 3):
 PSYoungGen      total 372224K, used 372205K [0x00000000e0000000, 0x00000000f9b00000, 0x0000000100000000)
  eden space 335872K, 100% used [0x00000000e0000000,0x00000000f4800000,0x00000000f4800000)
  from space 36352K, 99% used [0x00000000f5700000,0x00000000f7a7b778,0x00000000f7a80000)
  to   space 33280K, 0% used [0x00000000f7a80000,0x00000000f7a80000,0x00000000f9b00000)
 ParOldGen       total 101888K, used 68530K [0x00000000a0000000, 0x00000000a6380000, 0x00000000e0000000)
  object space 101888K, 67% used [0x00000000a0000000,0x00000000a42ec988,0x00000000a6380000)
 Metaspace       used 80786K, capacity 87820K, committed 88064K, reserved 1126400K
  class space    used 10230K, capacity 11238K, committed 11264K, reserved 1048576K
Event: 6416.118 GC heap after
Heap after GC invocations=43 (full 3):
 PSYoungGen      total 354816K, used 33270K [0x00000000e0000000, 0x00000000f9b00000, 0x0000000100000000)
  eden space 321536K, 0% used [0x00000000e0000000,0x00000000e0000000,0x00000000f3a00000)
  from space 33280K, 99% used [0x00000000f7a80000,0x00000000f9afd918,0x00000000f9b00000)
  to   space 48640K, 0% used [0x00000000f3c00000,0x00000000f3c00000,0x00000000f6b80000)
 ParOldGen       total 101888K, used 76591K [0x00000000a0000000, 0x00000000a6380000, 0x00000000e0000000)
  object space 101888K, 75% used [0x00000000a0000000,0x00000000a4acbd30,0x00000000a6380000)
 Metaspace       used 80786K, capacity 87820K, committed 88064K, reserved 1126400K
  class space    used 10230K, capacity 11238K, committed 11264K, reserved 1048576K
}
Event: 6806.119 GC heap before
{Heap before GC invocations=44 (full 3):
 PSYoungGen      total 354816K, used 354806K [0x00000000e0000000, 0x00000000f9b00000, 0x0000000100000000)
  eden space 321536K, 100% used [0x00000000e0000000,0x00000000f3a00000,0x00000000f3a00000)
  from space 33280K, 99% used [0x00000000f7a80000,0x00000000f9afd918,0x00000000f9b00000)
  to   space 48640K, 0% used [0x00000000f3c00000,0x00000000f3c00000,0x00000000f6b80000)
 ParOldGen       total 101888K, used 76591K [0x00000000a0000000, 0x00000000a6380000, 0x00000000e0000000)
  object space 101888K, 75% used [0x00000000a0000000,0x00000000a4acbd30,0x00000000a6380000)
 Metaspace       used 80939K, capacity 88066K, committed 88320K, reserved 1126400K
  class space    used 10241K, capacity 11251K, committed 11264K, reserved 1048576K
Event: 6806.208 GC heap after
Heap after GC invocations=44 (full 3):
 PSYoungGen      total 356352K, used 48612K [0x00000000e0000000, 0x00000000fa980000, 0x0000000100000000)
  eden space 307712K, 0% used [0x00000000e0000000,0x00000000e0000000,0x00000000f2c80000)
  from space 48640K, 99% used [0x00000000f3c00000,0x00000000f6b79060,0x00000000f6b80000)
  to   space 63488K, 0% used [0x00000000f6b80000,0x00000000f6b80000,0x00000000fa980000)
 ParOldGen       total 101888K, used 97394K [0x00000000a0000000, 0x00000000a6380000, 0x00000000e0000000)
  object space 101888K, 95% used [0x00000000a0000000,0x00000000a5f1c898,0x00000000a6380000)
 Metaspace       used 80939K, capacity 88066K, committed 88320K, reserved 1126400K
  class space    used 10241K, capacity 11251K, committed 11264K, reserved 1048576K
}
Event: 6806.209 GC heap before
{Heap before GC invocations=45 (full 4):
 PSYoungGen      total 356352K, used 48612K [0x00000000e0000000, 0x00000000fa980000, 0x0000000100000000)
  eden space 307712K, 0% used [0x00000000e0000000,0x00000000e0000000,0x00000000f2c80000)
  from space 48640K, 99% used [0x00000000f3c00000,0x00000000f6b79060,0x00000000f6b80000)
  to   space 63488K, 0% used [0x00000000f6b80000,0x00000000f6b80000,0x00000000fa980000)
 ParOldGen       total 101888K, used 97394K [0x00000000a0000000, 0x00000000a6380000, 0x00000000e0000000)
  object space 101888K, 95% used [0x00000000a0000000,0x00000000a5f1c898,0x00000000a6380000)
 Metaspace       used 80939K, capacity 88066K, committed 88320K, reserved 1126400K
  class space    used 10241K, capacity 11251K, committed 11264K, reserved 1048576K

